<?xml version="1.0" encoding="UTF-8"?>
<testng-results ignored="0" total="1" passed="1" failed="0" skipped="0">
  <reporter-output>
    <line>
      <![CDATA[Verify name]]>
    </line>
    <line>
      <![CDATA[Logout application]]>
    </line>
    <line>
      <![CDATA[Close browser]]>
    </line>
  </reporter-output>
  <suite started-at="2022-09-07T22:23:24 IST" name="Default suite" finished-at="2022-09-07T22:23:34 IST" duration-ms="10547">
    <groups>
    </groups>
    <test started-at="2022-09-07T22:23:24 IST" name="Default test" finished-at="2022-09-07T22:23:34 IST" duration-ms="10547">
      <class name="Baseclass.Testclass">
        <test-method is-config="true" signature="openBrowser()[pri:0, instance:Baseclass.Testclass@41a0aa7d]" started-at="2022-09-07T22:23:24 IST" name="openBrowser" finished-at="2022-09-07T22:23:28 IST" duration-ms="3741" status="PASS">
          <reporter-output>
          </reporter-output>
        </test-method> <!-- openBrowser -->
        <test-method is-config="true" signature="loginToApp()[pri:0, instance:Baseclass.Testclass@41a0aa7d]" started-at="2022-09-07T22:23:28 IST" name="loginToApp" finished-at="2022-09-07T22:23:29 IST" duration-ms="1238" status="PASS">
          <reporter-output>
          </reporter-output>
        </test-method> <!-- loginToApp -->
        <test-method signature="verifyName()[pri:0, instance:Baseclass.Testclass@41a0aa7d]" started-at="2022-09-07T22:23:29 IST" name="verifyName" finished-at="2022-09-07T22:23:34 IST" duration-ms="5462" status="PASS">
          <reporter-output>
            <line>
              <![CDATA[Verify name]]>
            </line>
          </reporter-output>
        </test-method> <!-- verifyName -->
        <test-method is-config="true" signature="logoutApp()[pri:0, instance:Baseclass.Testclass@41a0aa7d]" started-at="2022-09-07T22:23:34 IST" name="logoutApp" finished-at="2022-09-07T22:23:34 IST" duration-ms="1" status="PASS">
          <reporter-output>
            <line>
              <![CDATA[Logout application]]>
            </line>
          </reporter-output>
        </test-method> <!-- logoutApp -->
        <test-method is-config="true" signature="closeBrowser()[pri:0, instance:Baseclass.Testclass@41a0aa7d]" started-at="2022-09-07T22:23:34 IST" name="closeBrowser" finished-at="2022-09-07T22:23:34 IST" duration-ms="4" status="PASS">
          <reporter-output>
            <line>
              <![CDATA[Close browser]]>
            </line>
          </reporter-output>
        </test-method> <!-- closeBrowser -->
      </class> <!-- Baseclass.Testclass -->
    </test> <!-- Default test -->
  </suite> <!-- Default suite -->
</testng-results>
